epoch: 0,
cur_lr: 0.001

train_loss: 2.788011573009438
val_loss: 1.096383810043335
val_acc: 36.1761%

epoch: 1,
cur_lr: 0.001

train_loss: 1.7619645069761842
val_loss: 1.0963876247406006
val_acc: 36.1761%

epoch: 2,
cur_lr: 0.001

train_loss: 1.799550123531006
val_loss: 1.0938552618026733
val_acc: 36.1761%

epoch: 3,
cur_lr: 0.001

train_loss: 0.9819967948338565
val_loss: 3.9926397800445557
val_acc: 26.1392%

epoch: 4,
cur_lr: 0.001

train_loss: 1.704420345524947
val_loss: 1.0919297933578491
val_acc: 36.1761%

epoch: 5,
cur_lr: 0.001

train_loss: 1.0986722912274154
val_loss: 1.0918614864349365
val_acc: 38.9778%

epoch: 6,
cur_lr: 0.001

train_loss: 1.0294736018952202
val_loss: 1.6594265699386597
val_acc: 26.1392%

epoch: 7,
cur_lr: 0.0006

train_loss: 1.4720404206537734
val_loss: 1.0768336057662964
val_acc: 36.8534%

epoch: 8,
cur_lr: 0.0006

train_loss: 1.093124337056104
val_loss: 1.0751135349273682
val_acc: 37.7771%

epoch: 9,
cur_lr: 0.0006

train_loss: 1.097441015290279
val_loss: 1.070987343788147
val_acc: 37.5616%

epoch: 10,
cur_lr: 0.00035999999999999997

train_loss: 1.0770824446397669
val_loss: 1.0688318014144897
val_acc: 37.6539%

epoch: 11,
cur_lr: 0.00035999999999999997

train_loss: 1.0718815823396046
val_loss: 1.0649893283843994
val_acc: 37.8387%

epoch: 12,
cur_lr: 0.00035999999999999997

train_loss: 1.0482448695921431
val_loss: 1.0103917121887207
val_acc: 47.2291%

epoch: 13,
cur_lr: 0.00021599999999999996

train_loss: 0.9989933704628664
val_loss: 0.9751492738723755
val_acc: 47.4138%

epoch: 14,
cur_lr: 0.00021599999999999996

train_loss: 0.9761203585886488
val_loss: 0.9228968620300293
val_acc: 55.1416%

epoch: 15,
cur_lr: 0.00021599999999999996

train_loss: 0.9195282371605144
val_loss: 0.9018989205360413
val_acc: 46.3054%

epoch: 16,
cur_lr: 0.00021599999999999996

train_loss: 0.9054460630697363
val_loss: 0.8600361347198486
val_acc: 61.6379%

epoch: 17,
cur_lr: 0.00021599999999999996

train_loss: 0.8556802018600351
val_loss: 0.930984616279602
val_acc: 39.1010%

epoch: 18,
cur_lr: 0.00021599999999999996

train_loss: 0.9142238807444479
val_loss: 0.827941358089447
val_acc: 63.3005%

epoch: 19,
cur_lr: 0.00021599999999999996

train_loss: 0.8307353708089567
val_loss: 0.7917789816856384
val_acc: 68.1342%

epoch: 20,
cur_lr: 0.00021599999999999996

train_loss: 0.9388053179079411
val_loss: 0.8335621356964111
val_acc: 51.3547%

epoch: 21,
cur_lr: 0.00021599999999999996

train_loss: 0.8353459326659932
val_loss: 0.7796647548675537
val_acc: 68.5653%

epoch: 22,
cur_lr: 0.00021599999999999996

train_loss: 0.7945211766397252
val_loss: 0.757350504398346
val_acc: 71.3054%

epoch: 23,
cur_lr: 0.00021599999999999996

train_loss: 0.7691496151919458
val_loss: 0.7470725178718567
val_acc: 70.8128%

epoch: 24,
cur_lr: 0.00021599999999999996

train_loss: 0.7528804797752231
val_loss: 0.7126972675323486
val_acc: 73.7069%

epoch: 25,
cur_lr: 0.00021599999999999996

train_loss: 0.7233763833840688
val_loss: 0.6916061639785767
val_acc: 74.2919%

epoch: 26,
cur_lr: 0.00021599999999999996

train_loss: 0.6990013443956188
val_loss: 0.6678041815757751
val_acc: 76.7549%

epoch: 27,
cur_lr: 0.00021599999999999996

train_loss: 0.687131775652661
val_loss: 0.645451545715332
val_acc: 76.3547%

epoch: 28,
cur_lr: 0.00021599999999999996

train_loss: 0.6681132949888706
val_loss: 1.5291333198547363
val_acc: 37.1921%

epoch: 29,
cur_lr: 0.00021599999999999996

train_loss: 0.743292878071467
val_loss: 0.6017718315124512
val_acc: 77.6170%

epoch: 30,
cur_lr: 0.00021599999999999996

train_loss: 0.7357081207720673
val_loss: 0.6605599522590637
val_acc: 65.7328%

epoch: 31,
cur_lr: 0.00021599999999999996

train_loss: 0.6514189041712705
val_loss: 0.5878980755805969
val_acc: 78.8177%

epoch: 32,
cur_lr: 0.00021599999999999996

train_loss: 0.5970494507574567
val_loss: 0.5604304671287537
val_acc: 80.3264%

epoch: 33,
cur_lr: 0.00021599999999999996

train_loss: 0.5738886965840471
val_loss: 0.5416805148124695
val_acc: 81.1884%

epoch: 34,
cur_lr: 0.00021599999999999996

train_loss: 0.5480506852561352
val_loss: 0.5451798439025879
val_acc: 79.6490%

epoch: 35,
cur_lr: 0.00021599999999999996

train_loss: 0.564134397635273
val_loss: 0.5126535296440125
val_acc: 81.5579%

epoch: 36,
cur_lr: 0.00021599999999999996

train_loss: 0.5263590131904564
val_loss: 0.48959749937057495
val_acc: 82.7278%

epoch: 37,
cur_lr: 0.00021599999999999996

train_loss: 0.4602707357638899
val_loss: 1.7911641597747803
val_acc: 41.7796%

epoch: 38,
cur_lr: 0.00021599999999999996

train_loss: 0.5899431284736184
val_loss: 0.5156938433647156
val_acc: 80.2956%

epoch: 39,
cur_lr: 0.00021599999999999996

train_loss: 0.5108461458893383
val_loss: 0.46171095967292786
val_acc: 83.5283%

epoch: 40,
cur_lr: 0.00021599999999999996

train_loss: 0.47528041197973137
val_loss: 0.446018785238266
val_acc: 84.2057%

epoch: 41,
cur_lr: 0.00012959999999999998

train_loss: 0.4550625325417986
val_loss: 0.4336787462234497
val_acc: 84.6983%

epoch: 42,
cur_lr: 0.00012959999999999998

train_loss: 0.4436216290090598
val_loss: 0.4248815178871155
val_acc: 84.9446%

epoch: 43,
cur_lr: 0.00012959999999999998

train_loss: 0.43648970799118864
val_loss: 0.41623568534851074
val_acc: 85.1909%

epoch: 44,
cur_lr: 0.00012959999999999998

train_loss: 0.4232458852085413
val_loss: 0.407507061958313
val_acc: 85.6527%

epoch: 45,
cur_lr: 0.00012959999999999998

train_loss: 0.4263850839114657
val_loss: 0.40362799167633057
val_acc: 85.8066%

epoch: 46,
cur_lr: 0.00012959999999999998

train_loss: 0.4098210530538185
val_loss: 0.39397725462913513
val_acc: 86.2685%

epoch: 47,
cur_lr: 0.00012959999999999998

train_loss: 0.40732858388447296
val_loss: 0.404729962348938
val_acc: 85.8682%

epoch: 48,
cur_lr: 0.00012959999999999998

train_loss: 0.4094841261120403
val_loss: 0.3878316879272461
val_acc: 86.4840%

epoch: 49,
cur_lr: 0.00012959999999999998

train_loss: 0.3956235821048419
val_loss: 0.3788897693157196
val_acc: 86.7919%

epoch: 50,
cur_lr: 0.00012959999999999998

train_loss: 0.38826870889055964
val_loss: 0.3735501766204834
val_acc: 87.0998%

epoch: 51,
cur_lr: 0.00012959999999999998

train_loss: 0.3815901108524379
val_loss: 0.3682131767272949
val_acc: 87.4384%

epoch: 52,
cur_lr: 0.00012959999999999998

train_loss: 0.3890242145634165
val_loss: 0.3775293529033661
val_acc: 86.7303%

epoch: 53,
cur_lr: 0.00012959999999999998

train_loss: 0.38058151816036184
val_loss: 0.36245059967041016
val_acc: 87.5616%

epoch: 54,
cur_lr: 0.00012959999999999998

train_loss: 0.36535194896015466
val_loss: 0.3561186194419861
val_acc: 87.8695%

epoch: 55,
cur_lr: 0.00012959999999999998

train_loss: 0.3558066141079454
val_loss: 0.35149461030960083
val_acc: 87.9926%

epoch: 56,
cur_lr: 0.00012959999999999998

train_loss: 0.35067664890312683
val_loss: 0.34658652544021606
val_acc: 88.2697%

epoch: 57,
cur_lr: 0.00012959999999999998

train_loss: 0.3457581736877853
val_loss: 0.3441573679447174
val_acc: 88.0542%

epoch: 58,
cur_lr: 0.00012959999999999998

train_loss: 0.34322966211566736
val_loss: 0.33899176120758057
val_acc: 88.1773%

epoch: 59,
cur_lr: 0.00012959999999999998

train_loss: 0.3368436473549581
val_loss: 0.33436450362205505
val_acc: 88.5160%

epoch: 60,
cur_lr: 0.00012959999999999998

train_loss: 0.32394133055326985
val_loss: 0.33180275559425354
val_acc: 88.2697%

epoch: 61,
cur_lr: 0.00012959999999999998

train_loss: 0.32640350799934537
val_loss: 0.3290603458881378
val_acc: 88.3313%

epoch: 62,
cur_lr: 0.00012959999999999998

train_loss: 0.32235295530043395
val_loss: 0.32336416840553284
val_acc: 88.5160%

epoch: 63,
cur_lr: 0.00012959999999999998

train_loss: 0.31567612290382385
val_loss: 0.3207067847251892
val_acc: 88.6392%

epoch: 64,
cur_lr: 0.00012959999999999998

train_loss: 0.31428676346937817
val_loss: 0.31730514764785767
val_acc: 88.7623%

epoch: 65,
cur_lr: 0.00012959999999999998

train_loss: 0.30839718702961416
val_loss: 0.3131633698940277
val_acc: 88.8855%

epoch: 66,
cur_lr: 0.00012959999999999998

train_loss: 0.30465957062209353
val_loss: 0.33810245990753174
val_acc: 87.7155%

epoch: 67,
cur_lr: 0.00012959999999999998

train_loss: 0.3042886040958704
val_loss: 0.3097355365753174
val_acc: 89.0394%

epoch: 68,
cur_lr: 0.00012959999999999998

train_loss: 0.29061223230525557
val_loss: 0.30493828654289246
val_acc: 89.1626%

epoch: 69,
cur_lr: 0.00012959999999999998

train_loss: 0.28649335164649814
val_loss: 0.30032166838645935
val_acc: 89.3781%

epoch: 70,
cur_lr: 0.00012959999999999998

train_loss: 0.2872370260895467
val_loss: 0.2989515960216522
val_acc: 89.3473%

epoch: 71,
cur_lr: 0.00012959999999999998

train_loss: 0.2762492290314506
val_loss: 0.29828283190727234
val_acc: 89.7168%

epoch: 72,
cur_lr: 0.00012959999999999998

train_loss: 0.2838353370042408
val_loss: 0.29368096590042114
val_acc: 89.6860%

epoch: 73,
cur_lr: 0.00012959999999999998

train_loss: 0.27569108996905534
val_loss: 0.2905218303203583
val_acc: 89.9323%

epoch: 74,
cur_lr: 0.00012959999999999998

train_loss: 0.269866975060865
val_loss: 0.28681617975234985
val_acc: 90.1170%

epoch: 75,
cur_lr: 0.00012959999999999998

train_loss: 0.25714055755559134
val_loss: 0.28820016980171204
val_acc: 90.0862%

epoch: 76,
cur_lr: 0.00012959999999999998

train_loss: 0.25918170210777547
val_loss: 0.3949183523654938
val_acc: 84.5751%

epoch: 77,
cur_lr: 0.00012959999999999998

train_loss: 0.28300875914739626
val_loss: 0.2829568386077881
val_acc: 90.1170%

epoch: 78,
cur_lr: 0.00012959999999999998

train_loss: 0.2593128942683631
val_loss: 0.2798316180706024
val_acc: 90.3017%

epoch: 79,
cur_lr: 7.775999999999999e-05

train_loss: 0.24694075464617973
val_loss: 0.26964879035949707
val_acc: 90.2709%

epoch: 80,
cur_lr: 7.775999999999999e-05

train_loss: 0.24259177434678172
val_loss: 0.26682448387145996
val_acc: 90.3633%

epoch: 81,
cur_lr: 7.775999999999999e-05

train_loss: 0.24146605823554246
val_loss: 0.2679651379585266
val_acc: 90.3325%

epoch: 82,
cur_lr: 7.775999999999999e-05

train_loss: 0.23841919837629094
val_loss: 0.2638258934020996
val_acc: 90.3941%
